  app.cpp
  main.cpp
  BaseNode.cpp
  Connection.cpp
  BlendNode.cpp
  BlurNode.cpp
  BrightnessContrastNode.cpp
  ColorChannelSplitterNode.cpp
  ConvolutionNode.cpp
  EdgeDetectionNode.cpp
  GrayscaleNode.cpp
  NoiseNode.cpp
  ThresholdNode.cpp
  ImageInputNode.cpp
  NodeFactory.cpp
  NodeGraph.cpp
  NodeUI.cpp
D:\Anupam\node-based-image-processor\node-based-image-processor\src\NodeUI.cpp(26,37): warning C4244: 'argument': conversion from 'int' to 'float', possible loss of data
  OutputNode.cpp
  Generating code
  Previous IPDB not found, fall back to full compilation.
  All 896 functions were compiled because no usable IPDB/IOBJ from previous compilation was found.
  Finished generating code
  node-based-image-processor.vcxproj -> D:\Anupam\node-based-image-processor\x64\Release\node-based-image-processor.exe
  'pwsh.exe' is not recognized as an internal or external command,
  operable program or batch file.
